2017-08-23 Zhenjia Wang <zhenjia@virginia.edu>
	
	BART version 1.0.1 20170823
	
	**New features and changes**
	
	1. add the max auc score for each TF in the final results, and rank all TFs by the average rank of zscore, pvalue and max auc
	2. change output file names into Name_final_results.txt
	3. include the CHANGE.log in MANIFEST.in
	
	**Bug fixes**
	
	1. convert values in variable `positions` into int format before the auc calculation step -- AUCcalc.py line 139, line 145, line 62
	2. fix a bug in the way to print dot on screen -- AUCcalc.py line 179 
	3. include the test data in setup -- setup.py line 38, line 39
	

2017-10-18 Zhenjia Wang <zhenjia@virginia.edu>

    **New features and changes**
    
    1. use the term `re-rank` instead of `rela-rank` in the Name_final_results.txt


2019-2-22 Zhenjia Wang <zhenjia@virginia.edu>
	
	BART version 1.1 20190222
	
	***New features and changes**
	
	1. use ranked dot plot with Irwin-Hall p-values on the y-axis instead of the box plot.
	2. improved data storage/reading of UDHS-TF profiles
	3. read configuration file using absolute path -- OptValidator.py line 23
	
	**Bug fixes**
	
	1. use a one-tailed p-value for the Wilcoxon rank-sum test. -- StatTest.py line 139
	
	

	
	